#
# There is insufficient memory for the Java Runtime Environment to continue.
# Native memory allocation (malloc) failed to allocate 32744 bytes for ChunkPool::allocate
# Possible reasons:
#   The system is out of physical RAM or swap space
#   The process is running with CompressedOops enabled, and the Java Heap may be blocking the growth of the native heap
# Possible solutions:
#   Reduce memory load on the system
#   Increase physical memory or swap space
#   Check if swap backing store is full
#   Decrease Java heap size (-Xmx/-Xms)
#   Decrease number of Java threads
#   Decrease Java thread stack sizes (-Xss)
#   Set larger code cache with -XX:ReservedCodeCacheSize=
#   JVM is running with Unscaled Compressed Oops mode in which the Java heap is
#     placed in the first 4GB address space. The Java Heap base address is the
#     maximum limit for the native heap growth. Please use -XX:HeapBaseMinAddress
#     to set the Java Heap base and to place the Java Heap above 4GB virtual address.
# This output file may be truncated or incomplete.
#
#  Out of Memory Error (allocation.cpp:272), pid=48436, tid=0x000000000000648c
#
# JRE version: Java(TM) SE Runtime Environment (8.0_221-b11) (build 1.8.0_221-b11)
# Java VM: Java HotSpot(TM) 64-Bit Server VM (25.221-b11 mixed mode windows-amd64 compressed oops)
# Failed to write core dump. Minidumps are not enabled by default on client versions of Windows
#

---------------  T H R E A D  ---------------

Current thread (0x0000000016f55800):  JavaThread "C2 CompilerThread0" daemon [_thread_in_native, id=25740, stack(0x00000000185a0000,0x00000000186a0000)]

Stack: [0x00000000185a0000,0x00000000186a0000]
[error occurred during error reporting (printing stack bounds), id 0xc0000005]

Native frames: (J=compiled Java code, j=interpreted, Vv=VM code, C=native code)


Current CompileTask:
C2:   8467 1525   !   4       org.openqa.selenium.json.Input::init (71 bytes)


---------------  P R O C E S S  ---------------

Java Threads: ( => current thread )
  0x0000000019f84800 JavaThread "Okio Watchdog" daemon [_thread_blocked, id=48468, stack(0x000000001bff0000,0x000000001c0f0000)]
  0x000000001a10c800 JavaThread "OkHttp ConnectionPool" daemon [_thread_blocked, id=48604, stack(0x000000001bef0000,0x000000001bff0000)]
  0x0000000019fd5800 JavaThread "ForkJoinPool.commonPool-worker-1" daemon [_thread_blocked, id=46664, stack(0x000000001bdf0000,0x000000001bef0000)]
  0x0000000019d91000 JavaThread "UrlChecker-2" daemon [_thread_blocked, id=45776, stack(0x000000001baf0000,0x000000001bbf0000)]
  0x0000000019d90000 JavaThread "Exec Stream Pumper" daemon [_thread_in_native, id=46076, stack(0x000000001b9f0000,0x000000001baf0000)]
  0x0000000019f3d000 JavaThread "Exec Stream Pumper" daemon [_thread_in_native, id=28664, stack(0x000000001b8f0000,0x000000001b9f0000)]
  0x0000000019da6000 JavaThread "Exec Default Executor" daemon [_thread_in_native, id=43640, stack(0x000000001b7f0000,0x000000001b8f0000)]
  0x000000001959f800 JavaThread "AWT-Windows" daemon [_thread_in_native, id=46996, stack(0x000000001b200000,0x000000001b300000)]
  0x000000001959c800 JavaThread "Java2D Disposer" daemon [_thread_blocked, id=48824, stack(0x000000001aff0000,0x000000001b0f0000)]
  0x0000000019328800 JavaThread "ReaderThread" [_thread_in_native, id=47348, stack(0x0000000019be0000,0x0000000019ce0000)]
  0x00000000188e0000 JavaThread "Service Thread" daemon [_thread_blocked, id=44344, stack(0x0000000018ca0000,0x0000000018da0000)]
  0x0000000016f62800 JavaThread "C1 CompilerThread2" daemon [_thread_blocked, id=4776, stack(0x00000000187a0000,0x00000000188a0000)]
  0x0000000016f5e000 JavaThread "C2 CompilerThread1" daemon [_thread_in_native, id=44756, stack(0x00000000186a0000,0x00000000187a0000)]
=>0x0000000016f55800 JavaThread "C2 CompilerThread0" daemon [_thread_in_native, id=25740, stack(0x00000000185a0000,0x00000000186a0000)]
  0x0000000016f54000 JavaThread "Attach Listener" daemon [_thread_blocked, id=17328, stack(0x00000000184a0000,0x00000000185a0000)]
  0x0000000016f50800 JavaThread "Signal Dispatcher" daemon [_thread_blocked, id=44692, stack(0x00000000183a0000,0x00000000184a0000)]
  0x000000000241e800 JavaThread "Finalizer" daemon [_thread_blocked, id=7284, stack(0x00000000181a0000,0x00000000182a0000)]
  0x0000000002415000 JavaThread "Reference Handler" daemon [_thread_blocked, id=20680, stack(0x00000000180a0000,0x00000000181a0000)]
  0x0000000002324000 JavaThread "Forwarding newSession on session null to remote" [_thread_in_Java, id=43364, stack(0x0000000002220000,0x0000000002320000)]

Other Threads:
  0x0000000016f18000 VMThread [stack: 0x0000000017fa0000,0x00000000180a0000] [id=8088]
  0x0000000016fac000 WatcherThread [stack: 0x0000000018da0000,0x0000000018ea0000] [id=47408]

VM state:not at safepoint (normal execution)

VM Mutex/Monitor currently owned by a thread: None

heap address: 0x0000000081c00000, size: 2020 MB, Compressed Oops mode: 32-bit
Narrow klass base: 0x0000000000000000, Narrow klass shift: 3
Compressed class space size: 1073741824 Address: 0x0000000100000000

Heap:
 PSYoungGen      total 38400K, used 7383K [0x00000000d5f00000, 0x00000000d8980000, 0x0000000100000000)
  eden space 33280K, 6% used [0x00000000d5f00000,0x00000000d613b940,0x00000000d7f80000)
  from space 5120K, 99% used [0x00000000d8480000,0x00000000d897a4e0,0x00000000d8980000)
  to   space 5120K, 0% used [0x00000000d7f80000,0x00000000d7f80000,0x00000000d8480000)
 ParOldGen       total 87552K, used 2450K [0x0000000081c00000, 0x0000000087180000, 0x00000000d5f00000)
  object space 87552K, 2% used [0x0000000081c00000,0x0000000081e64a60,0x0000000087180000)
 Metaspace       used 17860K, capacity 18596K, committed 18816K, reserved 1064960K
  class space    used 2187K, capacity 2398K, committed 2432K, reserved 1048576K

Card table byte_map: [0x00000000117e0000,0x0000000011be0000] byte_map_base: 0x00000000113d2000

Marking Bits: (ParMarkBitMap*) 0x000000005b5e5ce0
 Begin Bits: [0x0000000012290000, 0x0000000014220000)
 End Bits:   [0x0000000014220000, 0x00000000161b0000)

Polling page: 0x0000000000890000

CodeCache: size=245760Kb used=5208Kb max_used=5208Kb free=240551Kb
 bounds [0x0000000002420000, 0x0000000002940000, 0x0000000011420000]
 total_blobs=2002 nmethods=1532 adapters=382
 compilation: enabled

Compilation events (10 events):
Event: 8.448 Thread 0x0000000016f62800 1523       3       java.nio.HeapCharBuffer::<init> (13 bytes)
Event: 8.448 Thread 0x0000000016f62800 nmethod 1523 0x000000000292d810 code [0x000000000292d980, 0x000000000292dc48]
Event: 8.458 Thread 0x0000000016f62800 1526       3       java.lang.invoke.LambdaForm$DMH/473581465::invokeStatic_L_L (14 bytes)
Event: 8.458 Thread 0x0000000016f5e000 1527       4       org.openqa.selenium.json.Input::peek (9 bytes)
Event: 8.458 Thread 0x0000000016f62800 nmethod 1526 0x0000000002934e90 code [0x0000000002935020, 0x0000000002935578]
Event: 8.458 Thread 0x0000000016f62800 1528   !   3       java.io.StringReader::read (133 bytes)
Event: 8.459 Thread 0x0000000016f62800 nmethod 1528 0x0000000002935690 code [0x0000000002935860, 0x0000000002936188]
Event: 8.459 Thread 0x0000000016f62800 1529       3       java.io.StringReader::ensureOpen (18 bytes)
Event: 8.459 Thread 0x0000000016f62800 nmethod 1529 0x0000000002936650 code [0x00000000029367c0, 0x0000000002936a08]
Event: 8.459 Thread 0x0000000016f62800 1530       3       java.util.ArrayDeque::addFirst (53 bytes)

GC Heap History (4 events):
Event: 1.731 GC heap before
{Heap before GC invocations=1 (full 0):
 PSYoungGen      total 38400K, used 33280K [0x00000000d5f00000, 0x00000000d8980000, 0x0000000100000000)
  eden space 33280K, 100% used [0x00000000d5f00000,0x00000000d7f80000,0x00000000d7f80000)
  from space 5120K, 0% used [0x00000000d8480000,0x00000000d8480000,0x00000000d8980000)
  to   space 5120K, 0% used [0x00000000d7f80000,0x00000000d7f80000,0x00000000d8480000)
 ParOldGen       total 87552K, used 0K [0x0000000081c00000, 0x0000000087180000, 0x00000000d5f00000)
  object space 87552K, 0% used [0x0000000081c00000,0x0000000081c00000,0x0000000087180000)
 Metaspace       used 12881K, capacity 13070K, committed 13440K, reserved 1060864K
  class space    used 1486K, capacity 1571K, committed 1664K, reserved 1048576K
Event: 1.744 GC heap after
Heap after GC invocations=1 (full 0):
 PSYoungGen      total 38400K, used 5094K [0x00000000d5f00000, 0x00000000d8980000, 0x0000000100000000)
  eden space 33280K, 0% used [0x00000000d5f00000,0x00000000d5f00000,0x00000000d7f80000)
  from space 5120K, 99% used [0x00000000d7f80000,0x00000000d8479bf8,0x00000000d8480000)
  to   space 5120K, 0% used [0x00000000d8480000,0x00000000d8480000,0x00000000d8980000)
 ParOldGen       total 87552K, used 468K [0x0000000081c00000, 0x0000000087180000, 0x00000000d5f00000)
  object space 87552K, 0% used [0x0000000081c00000,0x0000000081c75358,0x0000000087180000)
 Metaspace       used 12881K, capacity 13070K, committed 13440K, reserved 1060864K
  class space    used 1486K, capacity 1571K, committed 1664K, reserved 1048576K
}
Event: 3.369 GC heap before
{Heap before GC invocations=2 (full 0):
 PSYoungGen      total 38400K, used 38374K [0x00000000d5f00000, 0x00000000d8980000, 0x0000000100000000)
  eden space 33280K, 100% used [0x00000000d5f00000,0x00000000d7f80000,0x00000000d7f80000)
  from space 5120K, 99% used [0x00000000d7f80000,0x00000000d8479bf8,0x00000000d8480000)
  to   space 5120K, 0% used [0x00000000d8480000,0x00000000d8480000,0x00000000d8980000)
 ParOldGen       total 87552K, used 468K [0x0000000081c00000, 0x0000000087180000, 0x00000000d5f00000)
  object space 87552K, 0% used [0x0000000081c00000,0x0000000081c75358,0x0000000087180000)
 Metaspace       used 17667K, capacity 18358K, committed 18560K, reserved 1064960K
  class space    used 2158K, capacity 2323K, committed 2432K, reserved 1048576K
Event: 3.379 GC heap after
Heap after GC invocations=2 (full 0):
 PSYoungGen      total 38400K, used 5097K [0x00000000d5f00000, 0x00000000d8980000, 0x0000000100000000)
  eden space 33280K, 0% used [0x00000000d5f00000,0x00000000d5f00000,0x00000000d7f80000)
  from space 5120K, 99% used [0x00000000d8480000,0x00000000d897a4e0,0x00000000d8980000)
  to   space 5120K, 0% used [0x00000000d7f80000,0x00000000d7f80000,0x00000000d8480000)
 ParOldGen       total 87552K, used 2450K [0x0000000081c00000, 0x0000000087180000, 0x00000000d5f00000)
  object space 87552K, 2% used [0x0000000081c00000,0x0000000081e64a60,0x0000000087180000)
 Metaspace       used 17667K, capacity 18358K, committed 18560K, reserved 1064960K
  class space    used 2158K, capacity 2323K, committed 2432K, reserved 1048576K
}

Deoptimization events (10 events):
Event: 3.203 Thread 0x0000000002324000 Uncommon trap: reason=class_check action=maybe_recompile pc=0x000000000285a644 method=java.util.regex.Matcher.search(I)Z @ 86
Event: 3.203 Thread 0x0000000002324000 Uncommon trap: reason=class_check action=maybe_recompile pc=0x00000000028200b4 method=java.util.regex.Pattern$Curly.match(Ljava/util/regex/Matcher;ILjava/lang/CharSequence;)Z @ 19
Event: 3.225 Thread 0x0000000002324000 Uncommon trap: reason=class_check action=maybe_recompile pc=0x00000000028200b4 method=java.util.regex.Pattern$Curly.match(Ljava/util/regex/Matcher;ILjava/lang/CharSequence;)Z @ 19
Event: 3.225 Thread 0x0000000002324000 Uncommon trap: reason=class_check action=maybe_recompile pc=0x00000000028200b4 method=java.util.regex.Pattern$Curly.match(Ljava/util/regex/Matcher;ILjava/lang/CharSequence;)Z @ 19
Event: 3.294 Thread 0x0000000002324000 Uncommon trap: reason=unstable_if action=reinterpret pc=0x0000000002799f1c method=java.util.regex.Pattern$BmpCharProperty.match(Ljava/util/regex/Matcher;ILjava/lang/CharSequence;)Z @ 34
Event: 3.351 Thread 0x0000000002324000 Uncommon trap: reason=unstable_if action=reinterpret pc=0x000000000278afd4 method=java.lang.CharacterDataLatin1.digit(II)I @ 82
Event: 8.447 Thread 0x0000000002324000 Uncommon trap: reason=class_check action=maybe_recompile pc=0x0000000002902604 method=org.openqa.selenium.json.Input.init()V @ 18
Event: 8.447 Thread 0x0000000002324000 Uncommon trap: reason=class_check action=maybe_recompile pc=0x0000000002902604 method=org.openqa.selenium.json.Input.init()V @ 18
Event: 8.447 Thread 0x0000000002324000 Uncommon trap: reason=class_check action=maybe_recompile pc=0x0000000002902604 method=org.openqa.selenium.json.Input.init()V @ 18
Event: 8.447 Thread 0x0000000002324000 Uncommon trap: reason=class_check action=maybe_recompile pc=0x0000000002902604 method=org.openqa.selenium.json.Input.init()V @ 18

Classes redefined (0 events):
No events

Internal exceptions (10 events):
Event: 0.406 Thread 0x0000000002324000 Exception <a 'java/security/PrivilegedActionException'> (0x00000000d6970d40) thrown at [C:\re\workspace\8-2-build-windows-amd64-cygwin\jdk8u221\13320\hotspot\src\share\vm\prims\jvm.cpp, line 1502]
Event: 1.202 Thread 0x0000000002324000 Exception <a 'java/lang/ArrayIndexOutOfBoundsException': 65> (0x00000000d7417490) thrown at [C:\re\workspace\8-2-build-windows-amd64-cygwin\jdk8u221\13320\hotspot\src\share\vm\interpreter\interpreterRuntime.cpp, line 368]
Event: 1.204 Thread 0x0000000002324000 Exception <a 'java/lang/ArrayIndexOutOfBoundsException': 60> (0x00000000d741cba8) thrown at [C:\re\workspace\8-2-build-windows-amd64-cygwin\jdk8u221\13320\hotspot\src\share\vm\interpreter\interpreterRuntime.cpp, line 368]
Event: 1.282 Thread 0x0000000002324000 Exception <a 'java/io/FileNotFoundException'> (0x00000000d75bb4e8) thrown at [C:\re\workspace\8-2-build-windows-amd64-cygwin\jdk8u221\13320\hotspot\src\share\vm\prims\jni.cpp, line 710]
Event: 1.335 Thread 0x0000000002324000 Exception <a 'java/lang/NoSuchFieldError': method resolution failed> (0x00000000d7688920) thrown at [C:\re\workspace\8-2-build-windows-amd64-cygwin\jdk8u221\13320\hotspot\src\share\vm\prims\methodHandles.cpp, line 1167]
Event: 1.336 Thread 0x0000000002324000 Exception <a 'java/lang/NoSuchFieldError': method resolution failed> (0x00000000d7695fe0) thrown at [C:\re\workspace\8-2-build-windows-amd64-cygwin\jdk8u221\13320\hotspot\src\share\vm\prims\methodHandles.cpp, line 1167]
Event: 1.414 Thread 0x0000000002324000 Exception <a 'java/io/FileNotFoundException'> (0x00000000d7720450) thrown at [C:\re\workspace\8-2-build-windows-amd64-cygwin\jdk8u221\13320\hotspot\src\share\vm\prims\jni.cpp, line 710]
Event: 2.979 Thread 0x0000000002324000 Exception <a 'java/lang/IncompatibleClassChangeError': Found class java.lang.Object, but interface was expected> (0x00000000d6fb7200) thrown at [C:\re\workspace\8-2-build-windows-amd64-cygwin\jdk8u221\13320\hotspot\src\share\vm\interpreter\linkResolver.cp
Event: 2.988 Thread 0x0000000002324000 Exception <a 'java/lang/NoSuchMethodError': java.lang.Object.lambda$or$2(Ljava/util/function/Predicate;Ljava/lang/Object;)Z> (0x00000000d6fc6030) thrown at [C:\re\workspace\8-2-build-windows-amd64-cygwin\jdk8u221\13320\hotspot\src\share\vm\interpreter\lin
Event: 3.096 Thread 0x0000000002324000 Exception <a 'java/lang/NoSuchMethodError': java.lang.Object.lambda$chars$0()Ljava/util/Spliterator$OfInt;> (0x00000000d73a99a8) thrown at [C:\re\workspace\8-2-build-windows-amd64-cygwin\jdk8u221\13320\hotspot\src\share\vm\interpreter\linkResolver.cpp, li

Events (10 events):
Event: 8.448 loading class org/openqa/selenium/json/NumberCoercer$1
Event: 8.448 loading class org/openqa/selenium/json/NumberCoercer$1 done
Event: 8.450 loading class java/math/BigDecimal$1
Event: 8.452 loading class java/math/BigDecimal$1 done
Event: 8.453 loading class java/math/MathContext
Event: 8.454 loading class java/math/MathContext done
Event: 8.456 loading class org/openqa/selenium/json/JsonInput
Event: 8.456 loading class org/openqa/selenium/json/JsonInput done
Event: 8.456 loading class org/openqa/selenium/json/JsonInput
Event: 8.456 loading class org/openqa/selenium/json/JsonInput done


Dynamic libraries:
0x00007ff61a7b0000 - 0x00007ff61a7e7000 	C:\Program Files\Java\jdk1.8.0_221\bin\javaw.exe
0x00007ff85f620000 - 0x00007ff85f810000 	C:\WINDOWS\SYSTEM32\ntdll.dll
0x00007ff85e090000 - 0x00007ff85e142000 	C:\WINDOWS\System32\KERNEL32.DLL
0x00007ff85c700000 - 0x00007ff85c9a3000 	C:\WINDOWS\System32\KERNELBASE.dll
0x00007ff85d810000 - 0x00007ff85d8b3000 	C:\WINDOWS\System32\ADVAPI32.dll
0x00007ff85e6f0000 - 0x00007ff85e78e000 	C:\WINDOWS\System32\msvcrt.dll
0x00007ff85e2e0000 - 0x00007ff85e377000 	C:\WINDOWS\System32\sechost.dll
0x00007ff85df70000 - 0x00007ff85e090000 	C:\WINDOWS\System32\RPCRT4.dll
0x00007ff85e3e0000 - 0x00007ff85e574000 	C:\WINDOWS\System32\USER32.dll
0x00007ff85d6a0000 - 0x00007ff85d6c1000 	C:\WINDOWS\System32\win32u.dll
0x00007ff85f3b0000 - 0x00007ff85f3d6000 	C:\WINDOWS\System32\GDI32.dll
0x00007ff85d4a0000 - 0x00007ff85d634000 	C:\WINDOWS\System32\gdi32full.dll
0x00007ff85c9b0000 - 0x00007ff85ca4e000 	C:\WINDOWS\System32\msvcp_win.dll
0x00007ff85d220000 - 0x00007ff85d31a000 	C:\WINDOWS\System32\ucrtbase.dll
0x00007ff84c200000 - 0x00007ff84c485000 	C:\WINDOWS\WinSxS\amd64_microsoft.windows.common-controls_6595b64144ccf1df_6.0.18362.418_none_e6c6b287130d565d\COMCTL32.dll
0x00007ff85e980000 - 0x00007ff85ecb6000 	C:\WINDOWS\System32\combase.dll
0x00007ff85c680000 - 0x00007ff85c700000 	C:\WINDOWS\System32\bcryptPrimitives.dll
0x00007ff85e6b0000 - 0x00007ff85e6de000 	C:\WINDOWS\System32\IMM32.DLL
0x000000005b670000 - 0x000000005b742000 	C:\Program Files\Java\jdk1.8.0_221\jre\bin\msvcr100.dll
0x000000005adc0000 - 0x000000005b665000 	C:\Program Files\Java\jdk1.8.0_221\jre\bin\server\jvm.dll
0x00007ff85e790000 - 0x00007ff85e798000 	C:\WINDOWS\System32\PSAPI.DLL
0x00007ff85a610000 - 0x00007ff85a634000 	C:\WINDOWS\SYSTEM32\WINMM.dll
0x00007ff853540000 - 0x00007ff85354a000 	C:\WINDOWS\SYSTEM32\VERSION.dll
0x00007ff855170000 - 0x00007ff855179000 	C:\WINDOWS\SYSTEM32\WSOCK32.dll
0x00007ff85e640000 - 0x00007ff85e6af000 	C:\WINDOWS\System32\WS2_32.dll
0x00007ff85a5e0000 - 0x00007ff85a60d000 	C:\WINDOWS\SYSTEM32\winmmbase.dll
0x00007ff85d1d0000 - 0x00007ff85d21a000 	C:\WINDOWS\System32\cfgmgr32.dll
0x00007ff858f00000 - 0x00007ff858f0f000 	C:\Program Files\Java\jdk1.8.0_221\jre\bin\verify.dll
0x00007ff8578c0000 - 0x00007ff8578e9000 	C:\Program Files\Java\jdk1.8.0_221\jre\bin\java.dll
0x00007ff857390000 - 0x00007ff8573a6000 	C:\Program Files\Java\jdk1.8.0_221\jre\bin\zip.dll
0x00007ff85ecc0000 - 0x00007ff85f3a5000 	C:\WINDOWS\System32\SHELL32.dll
0x00007ff85f3e0000 - 0x00007ff85f489000 	C:\WINDOWS\System32\shcore.dll
0x00007ff85ca50000 - 0x00007ff85d1cf000 	C:\WINDOWS\System32\windows.storage.dll
0x00007ff85c500000 - 0x00007ff85c51f000 	C:\WINDOWS\System32\profapi.dll
0x00007ff85c540000 - 0x00007ff85c58a000 	C:\WINDOWS\System32\powrprof.dll
0x00007ff85c4f0000 - 0x00007ff85c500000 	C:\WINDOWS\System32\UMPDC.dll
0x00007ff85e5e0000 - 0x00007ff85e632000 	C:\WINDOWS\System32\shlwapi.dll
0x00007ff85c590000 - 0x00007ff85c5a1000 	C:\WINDOWS\System32\kernel.appcore.dll
0x00007ff85c660000 - 0x00007ff85c677000 	C:\WINDOWS\System32\cryptsp.dll
0x00007ff857370000 - 0x00007ff85738a000 	C:\Program Files\Java\jdk1.8.0_221\jre\bin\net.dll
0x00007ff84cad0000 - 0x00007ff84cca6000 	C:\WINDOWS\SYSTEM32\urlmon.dll
0x00007ff84d380000 - 0x00007ff84d626000 	C:\WINDOWS\SYSTEM32\iertutil.dll
0x00007ff85bf30000 - 0x00007ff85bf3c000 	C:\WINDOWS\SYSTEM32\CRYPTBASE.DLL
0x00007ff85bd60000 - 0x00007ff85bdc7000 	C:\WINDOWS\system32\mswsock.dll
0x00007ff85bab0000 - 0x00007ff85bb7a000 	C:\WINDOWS\SYSTEM32\DNSAPI.dll
0x00007ff85e200000 - 0x00007ff85e208000 	C:\WINDOWS\System32\NSI.dll
0x00007ff85ba70000 - 0x00007ff85baaa000 	C:\WINDOWS\SYSTEM32\IPHLPAPI.DLL
0x00007ff853530000 - 0x00007ff85353a000 	C:\Windows\System32\rasadhlp.dll
0x00007ff857f10000 - 0x00007ff857f87000 	C:\WINDOWS\System32\fwpuclnt.dll
0x00007ff85d320000 - 0x00007ff85d346000 	C:\WINDOWS\System32\bcrypt.dll
0x00007ff85b8d0000 - 0x00007ff85b903000 	C:\WINDOWS\system32\rsaenh.dll
0x00007ff85c410000 - 0x00007ff85c435000 	C:\WINDOWS\SYSTEM32\USERENV.dll
0x00007ff857a40000 - 0x00007ff857a56000 	C:\WINDOWS\SYSTEM32\dhcpcsvc6.DLL
0x00007ff857850000 - 0x00007ff85786c000 	C:\WINDOWS\SYSTEM32\dhcpcsvc.DLL
0x00007ff857280000 - 0x00007ff857292000 	C:\Program Files\Java\jdk1.8.0_221\jre\bin\nio.dll
0x00007ff8225b0000 - 0x00007ff822749000 	C:\Program Files\Java\jdk1.8.0_221\jre\bin\awt.dll
0x00007ff85f510000 - 0x00007ff85f5d4000 	C:\WINDOWS\System32\OLEAUT32.dll
0x00007ff85a350000 - 0x00007ff85a3df000 	C:\WINDOWS\SYSTEM32\apphelp.dll
0x00007ff85acb0000 - 0x00007ff85acdd000 	C:\WINDOWS\system32\DWMAPI.DLL
0x00007ff85a780000 - 0x00007ff85a819000 	C:\WINDOWS\system32\uxtheme.dll
0x00007ff8404f0000 - 0x00007ff840646000 	C:\WINDOWS\system32\opengl32.dll
0x00007ff84c560000 - 0x00007ff84c58c000 	C:\WINDOWS\SYSTEM32\GLU32.dll
0x00007ff85b200000 - 0x00007ff85b220000 	C:\WINDOWS\SYSTEM32\dxcore.dll
0x00007ff85d6d0000 - 0x00007ff85d806000 	C:\WINDOWS\System32\MSCTF.dll
0x00007ff85e820000 - 0x00007ff85e976000 	C:\WINDOWS\System32\ole32.dll
0x00007ff857250000 - 0x00007ff857274000 	C:\Program Files\Java\jdk1.8.0_221\jre\bin\sunec.dll
0x00007ff857240000 - 0x00007ff85724b000 	C:\Program Files\Java\jdk1.8.0_221\jre\bin\sunmscapi.dll
0x00007ff85d350000 - 0x00007ff85d499000 	C:\WINDOWS\System32\CRYPT32.dll
0x00007ff85c520000 - 0x00007ff85c532000 	C:\WINDOWS\System32\MSASN1.dll

VM Arguments:
jvm_args: -ea -Dfile.encoding=Cp1252 
java_command: org.testng.remote.RemoteTestNG -serport 65442 -protocol json -d C:\Workspace\project3ds\test-output C:\Users\chase\AppData\Local\Temp\testng-eclipse-2018918506\testng-customsuite.xml
java_class_path (initial): C:\eclipse\configuration\org.eclipse.osgi\486\0\.cp\lib\testng-remote.jar;C:\Workspace\project3ds\target\test-classes;C:\Workspace\project3ds\target\classes;C:\eclipse\plugins\org.testng_6.14.3.r201802240500.jar;C:\eclipse\plugins\com.beust.jcommander_1.72.0.jar;C:\eclipse\plugins\org.apache-extras.beanshell.bsh_2.0.0.b6.jar;C:\eclipse\plugins\org.yaml.snakeyaml_1.17.0.jar;C:\Users\chase\.m2\repository\io\rest-assured\rest-assured\4.0.0\rest-assured-4.0.0.jar;C:\Users\chase\.m2\repository\org\codehaus\groovy\groovy\2.5.6\groovy-2.5.6.jar;C:\Users\chase\.m2\repository\org\codehaus\groovy\groovy-xml\2.5.6\groovy-xml-2.5.6.jar;C:\Users\chase\.m2\repository\org\apache\httpcomponents\httpclient\4.5.3\httpclient-4.5.3.jar;C:\Users\chase\.m2\repository\org\apache\httpcomponents\httpcore\4.4.6\httpcore-4.4.6.jar;C:\Users\chase\.m2\repository\commons-logging\commons-logging\1.2\commons-logging-1.2.jar;C:\Users\chase\.m2\repository\commons-codec\commons-codec\1.9\commons-codec-1.9.jar;C:\Users\chase\.m2\repository\org\apache\httpcomponents\httpmime\4.5.3\httpmime-4.5.3.jar;C:\Users\chase\.m2\repository\org\hamcrest\hamcrest-core\2.1\hamcrest-core-2.1.jar;C:\Users\chase\.m2\repository\org\hamcrest\hamcrest\2.1\hamcrest-2.1.jar;C:\Users\chase\.m2\repository\org\hamcrest\hamcrest-library\2.1\hamcrest-library-2.1.jar;C:\Users\chase\.m2\repository\org\ccil\cowan\tagsoup\tagsoup\1.2.1\tagsoup-1.2.1.jar;C:\Users\chase\.m2\repository\io\rest-assured\json-path\4.0.0\json-path-4.0.0.jar;C:\Users\chase\.m2\repository\org\codehaus\groovy\groovy-json\2.5.6\groovy-json-2.5.6.jar;C:\Users\chase\.m2\repository\io\rest-assured\rest-assured-common\4.0.0\rest-assured-common-4.0.0.jar;C:\Users\chase\.m2\repository\io\rest-assured\xml-path\4.0.0\xml-path-4.0.0.jar;C:\Users\chase\.m2\repository\org\apache\commons\commons-lang3\3.4\commons-lang3-3.4.jar;C:\Users\chase\.m2\repository\javax\xml\bind\jaxb-api\2.2.12\jaxb-api-2.2.12.jar;C:\Users\chase\.m2\repository\com\sun
Launcher Type: SUN_STANDARD

Environment Variables:
PATH=C:/Program Files/Java/jre1.8.0_221/bin/server;C:/Program Files/Java/jre1.8.0_221/bin;C:/Program Files/Java/jre1.8.0_221/lib/amd64;C:\Program Files (x86)\Common Files\Oracle\Java\javapath;C:\WINDOWS\system32;C:\WINDOWS;C:\WINDOWS\System32\Wbem;C:\WINDOWS\System32\WindowsPowerShell\v1.0\;C:\WINDOWS\System32\OpenSSH\;C:\Program Files\PuTTY\;C:\Users\chase\AppData\Local\Microsoft\WindowsApps;C:\Users\chase\AppData\Local\Programs\Git\cmd;C:\eclipse;
USERNAME=chase
OS=Windows_NT
PROCESSOR_IDENTIFIER=Intel64 Family 6 Model 78 Stepping 3, GenuineIntel



---------------  S Y S T E M  ---------------

OS: Windows 10.0 , 64 bit Build 18362 (10.0.18362.329)

CPU:total 4 (initial active 4) (2 cores per cpu, 2 threads per core) family 6 model 78 stepping 3, cmov, cx8, fxsr, mmx, sse, sse2, sse3, ssse3, sse4.1, sse4.2, popcnt, avx, avx2, aes, clmul, erms, 3dnowpref, lzcnt, ht, tsc, tscinvbit, bmi1, bmi2, adx

Memory: 4k page, physical 8272360k(340120k free), swap 22773732k(1628k free)

vm_info: Java HotSpot(TM) 64-Bit Server VM (25.221-b11) for windows-amd64 JRE (1.8.0_221-b11), built on Jul  4 2019 04:39:29 by "java_re" with MS VC++ 10.0 (VS2010)

time: Fri Nov 01 18:16:57 2019
timezone: SE Asia Standard Time
elapsed time: 8 seconds (0d 0h 0m 8s)

